2024-07-18 14:56:26 INFO  o.h.validator.internal.util.Version - HV000001: Hibernate Validator 8.0.1.Final
2024-07-18 14:56:26 INFO  c.h.project_SB.ProjectSbApplication - Starting ProjectSbApplication using Java 21.0.3 with PID 10144 (E:\project_SB\target\classes started by nguye in E:\project_SB)
2024-07-18 14:56:26 INFO  c.h.project_SB.ProjectSbApplication - No active profile set, falling back to 1 default profile: "default"
2024-07-18 14:56:29 INFO  o.s.d.r.c.RepositoryConfigurationDelegate - Multiple Spring Data modules found, entering strict repository configuration mode
2024-07-18 14:56:29 INFO  o.s.d.r.c.RepositoryConfigurationDelegate - Bootstrapping Spring Data JPA repositories in DEFAULT mode.
2024-07-18 14:56:29 INFO  o.s.d.r.c.RepositoryConfigurationDelegate - Finished Spring Data repository scanning in 200 ms. Found 4 JPA repository interfaces.
2024-07-18 14:56:29 INFO  o.s.d.r.c.RepositoryConfigurationDelegate - Multiple Spring Data modules found, entering strict repository configuration mode
2024-07-18 14:56:29 INFO  o.s.d.r.c.RepositoryConfigurationDelegate - Bootstrapping Spring Data Redis repositories in DEFAULT mode.
2024-07-18 14:56:29 INFO  o.s.d.r.c.RepositoryConfigurationExtensionSupport - Spring Data Redis - Could not safely identify store assignment for repository candidate interface com.hungnt.project_SB.repository.InvalidTokenRepository; If you want this repository to be a Redis repository, consider annotating your entities with one of these annotations: org.springframework.data.redis.core.RedisHash (preferred), or consider extending one of the following types with your repository: org.springframework.data.keyvalue.repository.KeyValueRepository
2024-07-18 14:56:29 INFO  o.s.d.r.c.RepositoryConfigurationExtensionSupport - Spring Data Redis - Could not safely identify store assignment for repository candidate interface com.hungnt.project_SB.repository.PermissionRepository; If you want this repository to be a Redis repository, consider annotating your entities with one of these annotations: org.springframework.data.redis.core.RedisHash (preferred), or consider extending one of the following types with your repository: org.springframework.data.keyvalue.repository.KeyValueRepository
2024-07-18 14:56:29 INFO  o.s.d.r.c.RepositoryConfigurationExtensionSupport - Spring Data Redis - Could not safely identify store assignment for repository candidate interface com.hungnt.project_SB.repository.RoleRepository; If you want this repository to be a Redis repository, consider annotating your entities with one of these annotations: org.springframework.data.redis.core.RedisHash (preferred), or consider extending one of the following types with your repository: org.springframework.data.keyvalue.repository.KeyValueRepository
2024-07-18 14:56:29 INFO  o.s.d.r.c.RepositoryConfigurationExtensionSupport - Spring Data Redis - Could not safely identify store assignment for repository candidate interface com.hungnt.project_SB.repository.UserRepository; If you want this repository to be a Redis repository, consider annotating your entities with one of these annotations: org.springframework.data.redis.core.RedisHash (preferred), or consider extending one of the following types with your repository: org.springframework.data.keyvalue.repository.KeyValueRepository
2024-07-18 14:56:29 INFO  o.s.d.r.c.RepositoryConfigurationDelegate - Finished Spring Data repository scanning in 9 ms. Found 0 Redis repository interfaces.
2024-07-18 14:56:31 INFO  o.s.b.w.e.tomcat.TomcatWebServer - Tomcat initialized with port 8888 (http)
2024-07-18 14:56:31 INFO  o.a.coyote.http11.Http11NioProtocol - Initializing ProtocolHandler ["http-nio-8888"]
2024-07-18 14:56:31 INFO  o.a.catalina.core.StandardService - Starting service [Tomcat]
2024-07-18 14:56:31 INFO  o.a.catalina.core.StandardEngine - Starting Servlet engine: [Apache Tomcat/10.1.25]
2024-07-18 14:56:31 INFO  o.a.c.c.C.[Tomcat].[localhost].[/] - Initializing Spring embedded WebApplicationContext
2024-07-18 14:56:31 INFO  o.s.b.w.s.c.ServletWebServerApplicationContext - Root WebApplicationContext: initialization completed in 4423 ms
2024-07-18 14:56:32 INFO  o.h.jpa.internal.util.LogHelper - HHH000204: Processing PersistenceUnitInfo [name: default]
2024-07-18 14:56:32 INFO  org.hibernate.Version - HHH000412: Hibernate ORM core version 6.4.9.Final
2024-07-18 14:56:32 INFO  o.h.c.i.RegionFactoryInitiator - HHH000026: Second-level cache disabled
2024-07-18 14:56:33 INFO  o.s.o.j.p.SpringPersistenceUnitInfo - No LoadTimeWeaver setup: ignoring JPA class transformer
2024-07-18 14:56:33 INFO  com.zaxxer.hikari.HikariDataSource - HikariPool-1 - Starting...
2024-07-18 14:56:34 INFO  com.zaxxer.hikari.pool.HikariPool - HikariPool-1 - Added connection com.mysql.cj.jdbc.ConnectionImpl@5eee3da9
2024-07-18 14:56:34 INFO  com.zaxxer.hikari.HikariDataSource - HikariPool-1 - Start completed.
2024-07-18 14:56:35 INFO  o.h.e.t.j.p.i.JtaPlatformInitiator - HHH000489: No JTA platform available (set 'hibernate.transaction.jta.platform' to enable JTA platform integration)
2024-07-18 14:56:36 INFO  o.s.o.j.LocalContainerEntityManagerFactoryBean - Initialized JPA EntityManagerFactory for persistence unit 'default'
2024-07-18 14:56:37 WARN  o.s.b.a.o.j.JpaBaseConfiguration$JpaWebConfiguration - spring.jpa.open-in-view is enabled by default. Therefore, database queries may be performed during view rendering. Explicitly configure spring.jpa.open-in-view to disable this warning
2024-07-18 14:56:38 INFO  o.s.s.web.DefaultSecurityFilterChain - Will secure any request with [org.springframework.security.web.session.DisableEncodeUrlFilter@42d65ffc, org.springframework.security.web.context.request.async.WebAsyncManagerIntegrationFilter@4adb2b87, org.springframework.security.web.context.SecurityContextHolderFilter@210e4678, org.springframework.security.web.header.HeaderWriterFilter@2298d741, org.springframework.web.filter.CorsFilter@70a984c5, org.springframework.security.web.authentication.logout.LogoutFilter@673a702a, org.springframework.security.oauth2.server.resource.web.authentication.BearerTokenAuthenticationFilter@40ff56f7, org.springframework.security.web.savedrequest.RequestCacheAwareFilter@557c0b65, org.springframework.security.web.servletapi.SecurityContextHolderAwareRequestFilter@5eabcf77, org.springframework.security.web.authentication.AnonymousAuthenticationFilter@30dabb23, org.springframework.security.web.access.ExceptionTranslationFilter@2ee949d4, org.springframework.security.web.access.intercept.AuthorizationFilter@326320bb]
2024-07-18 14:56:38 INFO  o.a.coyote.http11.Http11NioProtocol - Starting ProtocolHandler ["http-nio-8888"]
2024-07-18 14:56:38 INFO  o.s.b.w.e.tomcat.TomcatWebServer - Tomcat started on port 8888 (http) with context path ''
2024-07-18 14:56:38 INFO  c.h.project_SB.ProjectSbApplication - Started ProjectSbApplication in 13.294 seconds (process running for 14.892)
2024-07-18 14:56:39 INFO  c.h.p.configuration.InitAppConfig - Application initialization successful.
2024-07-18 15:02:09 INFO  o.s.o.j.LocalContainerEntityManagerFactoryBean - Closing JPA EntityManagerFactory for persistence unit 'default'
2024-07-18 15:02:09 INFO  com.zaxxer.hikari.HikariDataSource - HikariPool-1 - Shutdown initiated...
2024-07-18 15:02:09 INFO  com.zaxxer.hikari.HikariDataSource - HikariPool-1 - Shutdown completed.
